<?xml version="1.0" encoding="UTF-8"?>
<testng-results ignored="0" total="1" passed="1" failed="0" skipped="0">
  <reporter-output>
  </reporter-output>
  <suite started-at="2026-05-26T21:11:08 IST" name="Surefire suite" finished-at="2026-05-26T21:11:13 IST" duration-ms="4931">
    <groups>
    </groups>
    <test started-at="2026-05-26T21:11:08 IST" name="Surefire test" finished-at="2026-05-26T21:11:13 IST" duration-ms="4931">
      <class name="tests.PurchaseFlightTest">
        <test-method is-config="true" signature="setup()[pri:0, instance:tests.PurchaseFlightTest@35047d03]" started-at="2026-05-26T21:11:08 IST" name="setup" finished-at="2026-05-26T21:11:11 IST" duration-ms="2790" status="PASS">
          <reporter-output>
          </reporter-output>
        </test-method> <!-- setup -->
        <test-method signature="bookFlightTest()[pri:0, instance:tests.PurchaseFlightTest@35047d03]" started-at="2026-05-26T21:11:11 IST" name="bookFlightTest" finished-at="2026-05-26T21:11:13 IST" duration-ms="2030" status="PASS">
          <reporter-output>
          </reporter-output>
        </test-method> <!-- bookFlightTest -->
        <test-method is-config="true" signature="tearDown()[pri:0, instance:tests.PurchaseFlightTest@35047d03]" started-at="2026-05-26T21:11:13 IST" name="tearDown" finished-at="2026-05-26T21:11:13 IST" duration-ms="92" status="PASS">
          <reporter-output>
          </reporter-output>
        </test-method> <!-- tearDown -->
      </class> <!-- tests.PurchaseFlightTest -->
    </test> <!-- Surefire test -->
  </suite> <!-- Surefire suite -->
</testng-results>
