<?xml version="1.0" encoding="UTF-8"?>
<testng-results ignored="0" total="1" passed="1" failed="0" skipped="0">
  <reporter-output>
  </reporter-output>
  <suite started-at="2026-05-26T15:40:13 IST" name="BlazeDemo Suite" finished-at="2026-05-26T15:40:17 IST" duration-ms="3609">
    <groups>
    </groups>
    <test started-at="2026-05-26T15:40:13 IST" name="Flight Booking Test" finished-at="2026-05-26T15:40:17 IST" duration-ms="3609">
      <class name="tests.PurchaseFlightTest">
        <test-method is-config="true" signature="setup()[pri:0, instance:tests.PurchaseFlightTest@515c6049]" started-at="2026-05-26T15:40:13 IST" name="setup" finished-at="2026-05-26T15:40:15 IST" duration-ms="1795" status="PASS">
          <reporter-output>
          </reporter-output>
        </test-method> <!-- setup -->
        <test-method signature="bookFlightTest()[pri:0, instance:tests.PurchaseFlightTest@515c6049]" started-at="2026-05-26T15:40:15 IST" name="bookFlightTest" finished-at="2026-05-26T15:40:17 IST" duration-ms="1706" status="PASS">
          <reporter-output>
          </reporter-output>
        </test-method> <!-- bookFlightTest -->
        <test-method is-config="true" signature="tearDown()[pri:0, instance:tests.PurchaseFlightTest@515c6049]" started-at="2026-05-26T15:40:17 IST" name="tearDown" finished-at="2026-05-26T15:40:17 IST" duration-ms="85" status="PASS">
          <reporter-output>
          </reporter-output>
        </test-method> <!-- tearDown -->
      </class> <!-- tests.PurchaseFlightTest -->
    </test> <!-- Flight Booking Test -->
  </suite> <!-- BlazeDemo Suite -->
</testng-results>
